<?xml version="1.0" encoding="UTF-8" ?>
<testsuites>
  <testsuite errors="0" failures="0" hostname="andryss" id="0" name="AreaCheckerTest" package="model" skipped="0" tests="1" time="0.027" timestamp="2023-05-02T10:20:07">
      <properties>
          <property name="dir.source" value="WebLabWork3/src" />

          <property name="java.vendor" value="Azul Systems, Inc." />

          <property name="diff.commit.message" value="Commit with no observable classes modified" />

          <property name="dir.libs" value="dependencies" />

          <property name="sun.java.launcher" value="SUN_STANDARD" />

          <property name="dir.source.configs" value="WebLabWork3/src/main/webapp" />

          <property name="sun.management.compiler" value="HotSpot 64-Bit Tiered Compilers" />

          <property name="team.build.dir" value="target/team/build" />

          <property name="build.sysclasspath" value="ignore" />

          <property name="os.name" value="Windows 11" />

          <property name="sun.boot.class.path" value="C:\Users\andrk\.jdks\azul-1.8.0_362\jre\lib\resources.jar;C:\Users\andrk\.jdks\azul-1.8.0_362\jre\lib\rt.jar;C:\Users\andrk\.jdks\azul-1.8.0_362\jre\lib\sunrsasign.jar;C:\Users\andrk\.jdks\azul-1.8.0_362\jre\lib\jsse.jar;C:\Users\andrk\.jdks\azul-1.8.0_362\jre\lib\jce.jar;C:\Users\andrk\.jdks\azul-1.8.0_362\jre\lib\charsets.jar;C:\Users\andrk\.jdks\azul-1.8.0_362\jre\lib\jfr.jar;C:\Users\andrk\.jdks\azul-1.8.0_362\jre\lib\cat.jar;C:\Users\andrk\.jdks\azul-1.8.0_362\jre\classes" />

          <property name="sun.desktop" value="windows" />

          <property name="report.project.report.dir" value="WebLabWork3/reports" />

          <property name="java.vm.specification.vendor" value="Oracle Corporation" />

          <property name="ant.home" value="C:\Apps\ApacheAnt\apache-ant-1.10.13" />

          <property name="dir.source.testdir.ext" value="src/test" />

          <property name="java.runtime.version" value="1.8.0_362-b09" />

          <property name="build.manifest.creator" value="andrk" />

          <property name="build.war.name" value="SEMaTLabWork3" />

          <property name="user.name" value="andrk" />

          <property name="scp.port" value="2222" />

          <property name="dir.target.team" value="target/team" />

          <property name="scp.destdir" value="~" />

          <property name="scp.password" value="kHzz{0290" />

          <property name="team.zip.name" value="SEMaTLabWork3~1234" />

          <property name="configs.hibernate-config.ext" value="hibernate.cfg.xml" />

          <property name="user.language" value="en" />

          <property name="dir.source.resources" value="WebLabWork3/src/main/resources" />

          <property name="test.report.dir" value="target/test/reports" />

          <property name="sun.boot.library.path" value="C:\Users\andrk\.jdks\azul-1.8.0_362\jre\bin" />

          <property name="ant.project.default-target" value="build" />

          <property name="dir.target.build" value="target/build" />

          <property name="dir.source.static" value="WebLabWork3/src/main/static" />

          <property name="configs.web-xml" value="WebLabWork3/src/main/webapp/web.xml" />

          <property name="music.dir" value="music" />

          <property name="ant.project.name" value="SEMaTLabWork3" />

          <property name="java.version" value="1.8.0_362" />

          <property name="user.timezone" value="" />

          <property name="scp.user" value="s335155" />

          <property name="sun.arch.data.model" value="64" />

          <property name="dir.source.resources.ext" value="src/main/resources" />

          <property name="java.endorsed.dirs" value="C:\Users\andrk\.jdks\azul-1.8.0_362\jre\lib\endorsed" />

          <property name="dir.source.configs.ext" value="src/main/webapp" />

          <property name="sun.cpu.isalist" value="amd64" />

          <property name="configs.faces-config.ext" value="faces-config.xml" />

          <property name="sun.jnu.encoding" value="Cp1252" />

          <property name="file.encoding.pkg" value="sun.io" />

          <property name="team.zip.dir" value="target/team/zip" />

          <property name="file.separator" value="\" />

          <property name="java.specification.name" value="Java Platform API Specification" />

          <property name="java.class.version" value="52.0" />

          <property name="user.country" value="US" />

          <property name="java.home" value="C:\Users\andrk\.jdks\azul-1.8.0_362\jre" />

          <property name="java.vm.info" value="mixed mode" />

          <property name="ant.file" value="C:\Programming\Projects\Java\ITMO\SEMaTSpring2023\SEMaTLabWork3\build.xml" />

          <property name="os.version" value="10.0" />

          <property name="dir.source.main" value="WebLabWork3/src/main" />

          <property name="dir.source.code.ext" value="src/main/java" />

          <property name="path.separator" value=";" />

          <property name="java.vm.version" value="25.362-b09" />

          <property name="music.fail.filename" value="music-fail" />

          <property name="user.variant" value="" />

          <property name="ant.library.dir" value="C:\Apps\ApacheAnt\apache-ant-1.10.13\lib" />

          <property name="java.awt.printerjob" value="sun.awt.windows.WPrinterJob" />

          <property name="sun.io.unicode.encoding" value="UnicodeLittle" />

          <property name="test.compile.dir" value="target/test/tests" />

          <property name="java.specification.maintenance.version" value="4" />

          <property name="awt.toolkit" value="sun.awt.windows.WToolkit" />

          <property name="sun.stdout.encoding" value="cp65001" />

          <property name="user.script" value="" />

          <property name="dir.source.code" value="WebLabWork3/src/main/java" />

          <property name="user.home" value="C:\Users\andrk" />

          <property name="java.specification.vendor" value="Oracle Corporation" />

          <property name="java.vendor.url" value="http://www.azul.com/" />

          <property name="java.library.path" value="C:\Users\andrk\.jdks\azul-1.8.0_362\bin;C:\Windows\Sun\Java\bin;C:\Windows\system32;C:\Windows;C:\Windows\system32;C:\Windows;C:\Windows\System32\Wbem;C:\Windows\System32\WindowsPowerShell\v1.0\;C:\Windows\System32\OpenSSH\;C:\Program Files\NVIDIA Corporation\NVIDIA NvDLISR;C:\Program Files (x86)\NVIDIA Corporation\PhysX\Common;C:\Apps\Git\cmd;C:\Apps\NodeJS\;C:\Users\andrk\AppData\Local\Microsoft\WindowsApps;C:\Programming\IDEs\IntelliJ IDEA 2022.1.2\bin;;C:\Programming\IDEs\PyCharm 2022.2\bin;;C:\Programming\IDEs\CLion 2022.2\bin;;C:\Users\andrk\AppData\Roaming\npm;C:\Apps\ApacheAnt\apache-ant-1.10.13\bin;;." />

          <property name="java.vm.vendor" value="Azul Systems, Inc." />

          <property name="configs.hibernate-config" value="WebLabWork3/src/main/webapp/hibernate.cfg.xml" />

          <property name="java.runtime.name" value="OpenJDK Runtime Environment" />

          <property name="ant.version" value="Apache Ant(TM) version 1.10.13 compiled on January 4 2023" />

          <property name="java.class.path" value="C:\Apps\ApacheAnt\apache-ant-1.10.13\lib\ant-launcher.jar;C:\Apps\ApacheAnt\apache-ant-1.10.13\lib\activation-1.1.jar;C:\Apps\ApacheAnt\apache-ant-1.10.13\lib\ant-antlr.jar;C:\Apps\ApacheAnt\apache-ant-1.10.13\lib\ant-antunit-1.4.1.jar;C:\Apps\ApacheAnt\apache-ant-1.10.13\lib\ant-apache-bcel.jar;C:\Apps\ApacheAnt\apache-ant-1.10.13\lib\ant-apache-bsf.jar;C:\Apps\ApacheAnt\apache-ant-1.10.13\lib\ant-apache-log4j.jar;C:\Apps\ApacheAnt\apache-ant-1.10.13\lib\ant-apache-oro.jar;C:\Apps\ApacheAnt\apache-ant-1.10.13\lib\ant-apache-regexp.jar;C:\Apps\ApacheAnt\apache-ant-1.10.13\lib\ant-apache-resolver.jar;C:\Apps\ApacheAnt\apache-ant-1.10.13\lib\ant-apache-xalan2.jar;C:\Apps\ApacheAnt\apache-ant-1.10.13\lib\ant-commons-logging.jar;C:\Apps\ApacheAnt\apache-ant-1.10.13\lib\ant-commons-net.jar;C:\Apps\ApacheAnt\apache-ant-1.10.13\lib\ant-contrib-1.0b3.jar;C:\Apps\ApacheAnt\apache-ant-1.10.13\lib\ant-imageio.jar;C:\Apps\ApacheAnt\apache-ant-1.10.13\lib\ant-jai.jar;C:\Apps\ApacheAnt\apache-ant-1.10.13\lib\ant-jakartamail.jar;C:\Apps\ApacheAnt\apache-ant-1.10.13\lib\ant-javamail.jar;C:\Apps\ApacheAnt\apache-ant-1.10.13\lib\ant-jdepend.jar;C:\Apps\ApacheAnt\apache-ant-1.10.13\lib\ant-jmf.jar;C:\Apps\ApacheAnt\apache-ant-1.10.13\lib\ant-jsch.jar;C:\Apps\ApacheAnt\apache-ant-1.10.13\lib\ant-junit.jar;C:\Apps\ApacheAnt\apache-ant-1.10.13\lib\ant-junit4.jar;C:\Apps\ApacheAnt\apache-ant-1.10.13\lib\ant-junitlauncher.jar;C:\Apps\ApacheAnt\apache-ant-1.10.13\lib\ant-launcher.jar;C:\Apps\ApacheAnt\apache-ant-1.10.13\lib\ant-netrexx.jar;C:\Apps\ApacheAnt\apache-ant-1.10.13\lib\ant-swing.jar;C:\Apps\ApacheAnt\apache-ant-1.10.13\lib\ant-testutil.jar;C:\Apps\ApacheAnt\apache-ant-1.10.13\lib\ant-xz.jar;C:\Apps\ApacheAnt\apache-ant-1.10.13\lib\ant.jar;C:\Apps\ApacheAnt\apache-ant-1.10.13\lib\antlr-2.7.7.jar;C:\Apps\ApacheAnt\apache-ant-1.10.13\lib\apiguardian-api-1.1.2.jar;C:\Apps\ApacheAnt\apache-ant-1.10.13\lib\asm-7.1.jar;C:\Apps\ApacheAnt\apache-ant-1.10.13\lib\asm-analysis-7.1.jar;C:\Apps\ApacheAnt\apache-ant-1.10.13\lib\asm-commons-7.1.jar;C:\Apps\ApacheAnt\apache-ant-1.10.13\lib\asm-tree-7.1.jar;C:\Apps\ApacheAnt\apache-ant-1.10.13\lib\asm-util-7.1.jar;C:\Apps\ApacheAnt\apache-ant-1.10.13\lib\bcel-6.7.0.jar;C:\Apps\ApacheAnt\apache-ant-1.10.13\lib\bsf-2.4.0.jar;C:\Apps\ApacheAnt\apache-ant-1.10.13\lib\bsh-2.0b5.jar;C:\Apps\ApacheAnt\apache-ant-1.10.13\lib\byte-buddy-1.12.9.jar;C:\Apps\ApacheAnt\apache-ant-1.10.13\lib\classmate-1.5.1.jar;C:\Apps\ApacheAnt\apache-ant-1.10.13\lib\commons-lang3-3.12.0.jar;C:\Apps\ApacheAnt\apache-ant-1.10.13\lib\commons-logging-1.0.4.jar;C:\Apps\ApacheAnt\apache-ant-1.10.13\lib\commons-logging-api-1.1.jar;C:\Apps\ApacheAnt\apache-ant-1.10.13\lib\commons-net-3.9.0.jar;C:\Apps\ApacheAnt\apache-ant-1.10.13\lib\graal-sdk-20.1.0.jar;C:\Apps\ApacheAnt\apache-ant-1.10.13\lib\hamcrest-core-1.3.jar;C:\Apps\ApacheAnt\apache-ant-1.10.13\lib\hamcrest-library-1.3.jar;C:\Apps\ApacheAnt\apache-ant-1.10.13\lib\hibernate-commons-annotations-5.1.2.Final.jar;C:\Apps\ApacheAnt\apache-ant-1.10.13\lib\hibernate-core-5.6.10.Final.jar;C:\Apps\ApacheAnt\apache-ant-1.10.13\lib\icu4j-66.1.jar;C:\Apps\ApacheAnt\apache-ant-1.10.13\lib\ivy-2.5.0.jar;C:\Apps\ApacheAnt\apache-ant-1.10.13\lib\jai-codec-1.1.3.jar;C:\Apps\ApacheAnt\apache-ant-1.10.13\lib\jai-core-1.1.3.jar;C:\Apps\ApacheAnt\apache-ant-1.10.13\lib\jakarta-regexp-1.4.jar;C:\Apps\ApacheAnt\apache-ant-1.10.13\lib\jakarta.activation-2.0.1.jar;C:\Apps\ApacheAnt\apache-ant-1.10.13\lib\jakarta.mail-2.0.1.jar;C:\Apps\ApacheAnt\apache-ant-1.10.13\lib\jasper-compiler-4.1.36.jar;C:\Apps\ApacheAnt\apache-ant-1.10.13\lib\jasper-runtime-4.1.36.jar;C:\Apps\ApacheAnt\apache-ant-1.10.13\lib\javax.mail-1.6.2.jar;C:\Apps\ApacheAnt\apache-ant-1.10.13\lib\javax.persistence-api-2.2.jar;C:\Apps\ApacheAnt\apache-ant-1.10.13\lib\jdepend-2.9.1.jar;C:\Apps\ApacheAnt\apache-ant-1.10.13\lib\jruby-1.6.8.jar;C:\Apps\ApacheAnt\apache-ant-1.10.13\lib\js-20.1.0.jar;C:\Apps\ApacheAnt\apache-ant-1.10.13\lib\js-scriptengine-20.1.0.jar;C:\Apps\ApacheAnt\apache-ant-1.10.13\lib\jsch-0.1.55.jar;C:\Apps\ApacheAnt\apache-ant-1.10.13\lib\jsf-api-2.2.20.jar;C:\Apps\ApacheAnt\apache-ant-1.10.13\lib\jsf-impl-2.2.20.jar;C:\Apps\ApacheAnt\apache-ant-1.10.13\lib\junit-4.12.jar;C:\Apps\ApacheAnt\apache-ant-1.10.13\lib\junit-4.13.1.jar;C:\Apps\ApacheAnt\apache-ant-1.10.13\lib\junit-4.13.2.jar;C:\Apps\ApacheAnt\apache-ant-1.10.13\lib\junit-jupiter-api-5.8.2.jar;C:\Apps\ApacheAnt\apache-ant-1.10.13\lib\junit-jupiter-engine-5.8.2.jar;C:\Apps\ApacheAnt\apache-ant-1.10.13\lib\junit-platform-commons-1.8.2.jar;C:\Apps\ApacheAnt\apache-ant-1.10.13\lib\junit-platform-engine-1.8.2.jar;C:\Apps\ApacheAnt\apache-ant-1.10.13\lib\junit-platform-launcher-1.8.2.jar;C:\Apps\ApacheAnt\apache-ant-1.10.13\lib\junit-vintage-engine-5.8.2.jar;C:\Apps\ApacheAnt\apache-ant-1.10.13\lib\log4j-1.2.14.jar;C:\Apps\ApacheAnt\apache-ant-1.10.13\lib\maven-resolver-ant-tasks-1.4.0-uber.jar;C:\Apps\ApacheAnt\apache-ant-1.10.13\lib\opentest4j-1.2.0.jar;C:\Apps\ApacheAnt\apache-ant-1.10.13\lib\oro-2.0.8.jar;C:\Apps\ApacheAnt\apache-ant-1.10.13\lib\postgresql-42.5.0.jar;C:\Apps\ApacheAnt\apache-ant-1.10.13\lib\primefaces-12.0.0.jar;C:\Apps\ApacheAnt\apache-ant-1.10.13\lib\regex-20.1.0.jar;C:\Apps\ApacheAnt\apache-ant-1.10.13\lib\rhino-1.7.11.jar;C:\Apps\ApacheAnt\apache-ant-1.10.13\lib\serializer-2.7.2.jar;C:\Apps\ApacheAnt\apache-ant-1.10.13\lib\servlet-api-2.3.jar;C:\Apps\ApacheAnt\apache-ant-1.10.13\lib\truffle-api-20.1.0.jar;C:\Apps\ApacheAnt\apache-ant-1.10.13\lib\which-1.0.jar;C:\Apps\ApacheAnt\apache-ant-1.10.13\lib\xalan-2.7.2.jar;C:\Apps\ApacheAnt\apache-ant-1.10.13\lib\xml-apis-1.3.04.jar;C:\Apps\ApacheAnt\apache-ant-1.10.13\lib\xml-resolver-1.2.jar;C:\Apps\ApacheAnt\apache-ant-1.10.13\lib\xz-1.8.jar;C:\Users\andrk\.jdks\azul-1.8.0_362\lib\tools.jar" />

          <property name="sun.java.command" value="org.apache.tools.ant.launch.Launcher report" />

          <property name="dir.target" value="target" />

          <property name="dir.source.ext" value="src" />

          <property name="configs.web-xml.ext" value="web.xml" />

          <property name="java.vm.specification.name" value="Java Virtual Machine Specification" />

          <property name="ant.file.type" value="file" />

          <property name="dir.source.main.ext" value="src/main" />

          <property name="java.vm.specification.version" value="1.8" />

          <property name="sun.os.patch.level" value="" />

          <property name="sun.cpu.endian" value="little" />

          <property name="dir.source.test.ext" value="src/test/java" />

          <property name="java.io.tmpdir" value="C:\Users\andrk\AppData\Local\Temp\" />

          <property name="configs.faces-config" value="WebLabWork3/src/main/webapp/faces-config.xml" />

          <property name="java.vendor.url.bug" value="http://www.azul.com/support/" />

          <property name="dir.project" value="WebLabWork3" />

          <property name="ant.file.SEMaTLabWork3" value="C:\Programming\Projects\Java\ITMO\SEMaTSpring2023\SEMaTLabWork3\build.xml" />

          <property name="dir.target.tests" value="target/test" />

          <property name="dir.target.history" value="target/history" />

          <property name="diff.observable.classes" value="model.AreaCheckerTest,model.Request,view.beans.FormBean" />

          <property name="java.awt.graphicsenv" value="sun.awt.Win32GraphicsEnvironment" />

          <property name="os.arch" value="amd64" />

          <property name="dir.source.testdir" value="WebLabWork3/src/test" />

          <property name="scp.host" value="helios.se.ifmo.ru" />

          <property name="java.ext.dirs" value="C:\Users\andrk\.jdks\azul-1.8.0_362\jre\lib\ext;C:\Windows\Sun\Java\lib\ext" />

          <property name="dir.source.test" value="WebLabWork3/src/test/java" />

          <property name="user.dir" value="C:\Programming\Projects\Java\ITMO\SEMaTSpring2023\SEMaTLabWork3" />

          <property name="line.separator" value="&#xd;&#xa;" />

          <property name="java.security.manager" value="allow" />

          <property name="java.vm.name" value="OpenJDK 64-Bit Server VM" />

          <property name="jdk.vendor.version" value="Zulu 8.68.0.21-CA-win64" />

          <property name="basedir" value="C:\Programming\Projects\Java\ITMO\SEMaTSpring2023\SEMaTLabWork3" />

          <property name="dir.target.native2ascii" value="target/native2ascii" />

          <property name="ant.java.version" value="1.8" />

          <property name="dir.target.compile" value="target/compile" />

          <property name="ant.core.lib" value="C:\Apps\ApacheAnt\apache-ant-1.10.13\lib\ant.jar" />

          <property name="file.encoding" value="Cp1252" />

          <property name="sun.stderr.encoding" value="cp65001" />

          <property name="music.success.filename" value="music-success" />

          <property name="dir.source.static.ext" value="src/main/static" />

          <property name="dir.target.report" value="target/report" />

          <property name="ant.file.type.SEMaTLabWork3" value="file" />

          <property name="java.specification.version" value="1.8" />

          <property name="ant.project.invoked-targets" value="report" />

      </properties>

      <testcase classname="model.AreaCheckerTest" name="testCheck" time="0.0" />

      <system-out><![CDATA[]]></system-out>

      <system-err><![CDATA[]]></system-err>

  </testsuite>
  <testsuite errors="0" failures="0" hostname="andryss" id="1" name="HistoryManagerTest" package="model" skipped="0" tests="1" time="2.445" timestamp="2023-05-02T10:20:07">
      <properties>
          <property name="dir.source" value="WebLabWork3/src" />

          <property name="java.vendor" value="Azul Systems, Inc." />

          <property name="diff.commit.message" value="Commit with no observable classes modified" />

          <property name="dir.libs" value="dependencies" />

          <property name="sun.java.launcher" value="SUN_STANDARD" />

          <property name="dir.source.configs" value="WebLabWork3/src/main/webapp" />

          <property name="sun.management.compiler" value="HotSpot 64-Bit Tiered Compilers" />

          <property name="team.build.dir" value="target/team/build" />

          <property name="build.sysclasspath" value="ignore" />

          <property name="os.name" value="Windows 11" />

          <property name="sun.boot.class.path" value="C:\Users\andrk\.jdks\azul-1.8.0_362\jre\lib\resources.jar;C:\Users\andrk\.jdks\azul-1.8.0_362\jre\lib\rt.jar;C:\Users\andrk\.jdks\azul-1.8.0_362\jre\lib\sunrsasign.jar;C:\Users\andrk\.jdks\azul-1.8.0_362\jre\lib\jsse.jar;C:\Users\andrk\.jdks\azul-1.8.0_362\jre\lib\jce.jar;C:\Users\andrk\.jdks\azul-1.8.0_362\jre\lib\charsets.jar;C:\Users\andrk\.jdks\azul-1.8.0_362\jre\lib\jfr.jar;C:\Users\andrk\.jdks\azul-1.8.0_362\jre\lib\cat.jar;C:\Users\andrk\.jdks\azul-1.8.0_362\jre\classes" />

          <property name="sun.desktop" value="windows" />

          <property name="report.project.report.dir" value="WebLabWork3/reports" />

          <property name="java.vm.specification.vendor" value="Oracle Corporation" />

          <property name="ant.home" value="C:\Apps\ApacheAnt\apache-ant-1.10.13" />

          <property name="dir.source.testdir.ext" value="src/test" />

          <property name="java.runtime.version" value="1.8.0_362-b09" />

          <property name="build.manifest.creator" value="andrk" />

          <property name="build.war.name" value="SEMaTLabWork3" />

          <property name="user.name" value="andrk" />

          <property name="scp.port" value="2222" />

          <property name="dir.target.team" value="target/team" />

          <property name="scp.destdir" value="~" />

          <property name="scp.password" value="kHzz{0290" />

          <property name="team.zip.name" value="SEMaTLabWork3~1234" />

          <property name="configs.hibernate-config.ext" value="hibernate.cfg.xml" />

          <property name="user.language" value="en" />

          <property name="dir.source.resources" value="WebLabWork3/src/main/resources" />

          <property name="test.report.dir" value="target/test/reports" />

          <property name="sun.boot.library.path" value="C:\Users\andrk\.jdks\azul-1.8.0_362\jre\bin" />

          <property name="ant.project.default-target" value="build" />

          <property name="dir.target.build" value="target/build" />

          <property name="dir.source.static" value="WebLabWork3/src/main/static" />

          <property name="configs.web-xml" value="WebLabWork3/src/main/webapp/web.xml" />

          <property name="music.dir" value="music" />

          <property name="ant.project.name" value="SEMaTLabWork3" />

          <property name="java.version" value="1.8.0_362" />

          <property name="user.timezone" value="" />

          <property name="scp.user" value="s335155" />

          <property name="sun.arch.data.model" value="64" />

          <property name="dir.source.resources.ext" value="src/main/resources" />

          <property name="java.endorsed.dirs" value="C:\Users\andrk\.jdks\azul-1.8.0_362\jre\lib\endorsed" />

          <property name="dir.source.configs.ext" value="src/main/webapp" />

          <property name="sun.cpu.isalist" value="amd64" />

          <property name="configs.faces-config.ext" value="faces-config.xml" />

          <property name="sun.jnu.encoding" value="Cp1252" />

          <property name="file.encoding.pkg" value="sun.io" />

          <property name="team.zip.dir" value="target/team/zip" />

          <property name="file.separator" value="\" />

          <property name="java.specification.name" value="Java Platform API Specification" />

          <property name="java.class.version" value="52.0" />

          <property name="user.country" value="US" />

          <property name="java.home" value="C:\Users\andrk\.jdks\azul-1.8.0_362\jre" />

          <property name="java.vm.info" value="mixed mode" />

          <property name="ant.file" value="C:\Programming\Projects\Java\ITMO\SEMaTSpring2023\SEMaTLabWork3\build.xml" />

          <property name="os.version" value="10.0" />

          <property name="dir.source.main" value="WebLabWork3/src/main" />

          <property name="dir.source.code.ext" value="src/main/java" />

          <property name="path.separator" value=";" />

          <property name="java.vm.version" value="25.362-b09" />

          <property name="music.fail.filename" value="music-fail" />

          <property name="user.variant" value="" />

          <property name="ant.library.dir" value="C:\Apps\ApacheAnt\apache-ant-1.10.13\lib" />

          <property name="java.awt.printerjob" value="sun.awt.windows.WPrinterJob" />

          <property name="sun.io.unicode.encoding" value="UnicodeLittle" />

          <property name="test.compile.dir" value="target/test/tests" />

          <property name="java.specification.maintenance.version" value="4" />

          <property name="awt.toolkit" value="sun.awt.windows.WToolkit" />

          <property name="sun.stdout.encoding" value="cp65001" />

          <property name="user.script" value="" />

          <property name="dir.source.code" value="WebLabWork3/src/main/java" />

          <property name="user.home" value="C:\Users\andrk" />

          <property name="java.specification.vendor" value="Oracle Corporation" />

          <property name="java.vendor.url" value="http://www.azul.com/" />

          <property name="java.library.path" value="C:\Users\andrk\.jdks\azul-1.8.0_362\bin;C:\Windows\Sun\Java\bin;C:\Windows\system32;C:\Windows;C:\Windows\system32;C:\Windows;C:\Windows\System32\Wbem;C:\Windows\System32\WindowsPowerShell\v1.0\;C:\Windows\System32\OpenSSH\;C:\Program Files\NVIDIA Corporation\NVIDIA NvDLISR;C:\Program Files (x86)\NVIDIA Corporation\PhysX\Common;C:\Apps\Git\cmd;C:\Apps\NodeJS\;C:\Users\andrk\AppData\Local\Microsoft\WindowsApps;C:\Programming\IDEs\IntelliJ IDEA 2022.1.2\bin;;C:\Programming\IDEs\PyCharm 2022.2\bin;;C:\Programming\IDEs\CLion 2022.2\bin;;C:\Users\andrk\AppData\Roaming\npm;C:\Apps\ApacheAnt\apache-ant-1.10.13\bin;;." />

          <property name="java.vm.vendor" value="Azul Systems, Inc." />

          <property name="configs.hibernate-config" value="WebLabWork3/src/main/webapp/hibernate.cfg.xml" />

          <property name="java.runtime.name" value="OpenJDK Runtime Environment" />

          <property name="ant.version" value="Apache Ant(TM) version 1.10.13 compiled on January 4 2023" />

          <property name="java.class.path" value="C:\Apps\ApacheAnt\apache-ant-1.10.13\lib\ant-launcher.jar;C:\Apps\ApacheAnt\apache-ant-1.10.13\lib\activation-1.1.jar;C:\Apps\ApacheAnt\apache-ant-1.10.13\lib\ant-antlr.jar;C:\Apps\ApacheAnt\apache-ant-1.10.13\lib\ant-antunit-1.4.1.jar;C:\Apps\ApacheAnt\apache-ant-1.10.13\lib\ant-apache-bcel.jar;C:\Apps\ApacheAnt\apache-ant-1.10.13\lib\ant-apache-bsf.jar;C:\Apps\ApacheAnt\apache-ant-1.10.13\lib\ant-apache-log4j.jar;C:\Apps\ApacheAnt\apache-ant-1.10.13\lib\ant-apache-oro.jar;C:\Apps\ApacheAnt\apache-ant-1.10.13\lib\ant-apache-regexp.jar;C:\Apps\ApacheAnt\apache-ant-1.10.13\lib\ant-apache-resolver.jar;C:\Apps\ApacheAnt\apache-ant-1.10.13\lib\ant-apache-xalan2.jar;C:\Apps\ApacheAnt\apache-ant-1.10.13\lib\ant-commons-logging.jar;C:\Apps\ApacheAnt\apache-ant-1.10.13\lib\ant-commons-net.jar;C:\Apps\ApacheAnt\apache-ant-1.10.13\lib\ant-contrib-1.0b3.jar;C:\Apps\ApacheAnt\apache-ant-1.10.13\lib\ant-imageio.jar;C:\Apps\ApacheAnt\apache-ant-1.10.13\lib\ant-jai.jar;C:\Apps\ApacheAnt\apache-ant-1.10.13\lib\ant-jakartamail.jar;C:\Apps\ApacheAnt\apache-ant-1.10.13\lib\ant-javamail.jar;C:\Apps\ApacheAnt\apache-ant-1.10.13\lib\ant-jdepend.jar;C:\Apps\ApacheAnt\apache-ant-1.10.13\lib\ant-jmf.jar;C:\Apps\ApacheAnt\apache-ant-1.10.13\lib\ant-jsch.jar;C:\Apps\ApacheAnt\apache-ant-1.10.13\lib\ant-junit.jar;C:\Apps\ApacheAnt\apache-ant-1.10.13\lib\ant-junit4.jar;C:\Apps\ApacheAnt\apache-ant-1.10.13\lib\ant-junitlauncher.jar;C:\Apps\ApacheAnt\apache-ant-1.10.13\lib\ant-launcher.jar;C:\Apps\ApacheAnt\apache-ant-1.10.13\lib\ant-netrexx.jar;C:\Apps\ApacheAnt\apache-ant-1.10.13\lib\ant-swing.jar;C:\Apps\ApacheAnt\apache-ant-1.10.13\lib\ant-testutil.jar;C:\Apps\ApacheAnt\apache-ant-1.10.13\lib\ant-xz.jar;C:\Apps\ApacheAnt\apache-ant-1.10.13\lib\ant.jar;C:\Apps\ApacheAnt\apache-ant-1.10.13\lib\antlr-2.7.7.jar;C:\Apps\ApacheAnt\apache-ant-1.10.13\lib\apiguardian-api-1.1.2.jar;C:\Apps\ApacheAnt\apache-ant-1.10.13\lib\asm-7.1.jar;C:\Apps\ApacheAnt\apache-ant-1.10.13\lib\asm-analysis-7.1.jar;C:\Apps\ApacheAnt\apache-ant-1.10.13\lib\asm-commons-7.1.jar;C:\Apps\ApacheAnt\apache-ant-1.10.13\lib\asm-tree-7.1.jar;C:\Apps\ApacheAnt\apache-ant-1.10.13\lib\asm-util-7.1.jar;C:\Apps\ApacheAnt\apache-ant-1.10.13\lib\bcel-6.7.0.jar;C:\Apps\ApacheAnt\apache-ant-1.10.13\lib\bsf-2.4.0.jar;C:\Apps\ApacheAnt\apache-ant-1.10.13\lib\bsh-2.0b5.jar;C:\Apps\ApacheAnt\apache-ant-1.10.13\lib\byte-buddy-1.12.9.jar;C:\Apps\ApacheAnt\apache-ant-1.10.13\lib\classmate-1.5.1.jar;C:\Apps\ApacheAnt\apache-ant-1.10.13\lib\commons-lang3-3.12.0.jar;C:\Apps\ApacheAnt\apache-ant-1.10.13\lib\commons-logging-1.0.4.jar;C:\Apps\ApacheAnt\apache-ant-1.10.13\lib\commons-logging-api-1.1.jar;C:\Apps\ApacheAnt\apache-ant-1.10.13\lib\commons-net-3.9.0.jar;C:\Apps\ApacheAnt\apache-ant-1.10.13\lib\graal-sdk-20.1.0.jar;C:\Apps\ApacheAnt\apache-ant-1.10.13\lib\hamcrest-core-1.3.jar;C:\Apps\ApacheAnt\apache-ant-1.10.13\lib\hamcrest-library-1.3.jar;C:\Apps\ApacheAnt\apache-ant-1.10.13\lib\hibernate-commons-annotations-5.1.2.Final.jar;C:\Apps\ApacheAnt\apache-ant-1.10.13\lib\hibernate-core-5.6.10.Final.jar;C:\Apps\ApacheAnt\apache-ant-1.10.13\lib\icu4j-66.1.jar;C:\Apps\ApacheAnt\apache-ant-1.10.13\lib\ivy-2.5.0.jar;C:\Apps\ApacheAnt\apache-ant-1.10.13\lib\jai-codec-1.1.3.jar;C:\Apps\ApacheAnt\apache-ant-1.10.13\lib\jai-core-1.1.3.jar;C:\Apps\ApacheAnt\apache-ant-1.10.13\lib\jakarta-regexp-1.4.jar;C:\Apps\ApacheAnt\apache-ant-1.10.13\lib\jakarta.activation-2.0.1.jar;C:\Apps\ApacheAnt\apache-ant-1.10.13\lib\jakarta.mail-2.0.1.jar;C:\Apps\ApacheAnt\apache-ant-1.10.13\lib\jasper-compiler-4.1.36.jar;C:\Apps\ApacheAnt\apache-ant-1.10.13\lib\jasper-runtime-4.1.36.jar;C:\Apps\ApacheAnt\apache-ant-1.10.13\lib\javax.mail-1.6.2.jar;C:\Apps\ApacheAnt\apache-ant-1.10.13\lib\javax.persistence-api-2.2.jar;C:\Apps\ApacheAnt\apache-ant-1.10.13\lib\jdepend-2.9.1.jar;C:\Apps\ApacheAnt\apache-ant-1.10.13\lib\jruby-1.6.8.jar;C:\Apps\ApacheAnt\apache-ant-1.10.13\lib\js-20.1.0.jar;C:\Apps\ApacheAnt\apache-ant-1.10.13\lib\js-scriptengine-20.1.0.jar;C:\Apps\ApacheAnt\apache-ant-1.10.13\lib\jsch-0.1.55.jar;C:\Apps\ApacheAnt\apache-ant-1.10.13\lib\jsf-api-2.2.20.jar;C:\Apps\ApacheAnt\apache-ant-1.10.13\lib\jsf-impl-2.2.20.jar;C:\Apps\ApacheAnt\apache-ant-1.10.13\lib\junit-4.12.jar;C:\Apps\ApacheAnt\apache-ant-1.10.13\lib\junit-4.13.1.jar;C:\Apps\ApacheAnt\apache-ant-1.10.13\lib\junit-4.13.2.jar;C:\Apps\ApacheAnt\apache-ant-1.10.13\lib\junit-jupiter-api-5.8.2.jar;C:\Apps\ApacheAnt\apache-ant-1.10.13\lib\junit-jupiter-engine-5.8.2.jar;C:\Apps\ApacheAnt\apache-ant-1.10.13\lib\junit-platform-commons-1.8.2.jar;C:\Apps\ApacheAnt\apache-ant-1.10.13\lib\junit-platform-engine-1.8.2.jar;C:\Apps\ApacheAnt\apache-ant-1.10.13\lib\junit-platform-launcher-1.8.2.jar;C:\Apps\ApacheAnt\apache-ant-1.10.13\lib\junit-vintage-engine-5.8.2.jar;C:\Apps\ApacheAnt\apache-ant-1.10.13\lib\log4j-1.2.14.jar;C:\Apps\ApacheAnt\apache-ant-1.10.13\lib\maven-resolver-ant-tasks-1.4.0-uber.jar;C:\Apps\ApacheAnt\apache-ant-1.10.13\lib\opentest4j-1.2.0.jar;C:\Apps\ApacheAnt\apache-ant-1.10.13\lib\oro-2.0.8.jar;C:\Apps\ApacheAnt\apache-ant-1.10.13\lib\postgresql-42.5.0.jar;C:\Apps\ApacheAnt\apache-ant-1.10.13\lib\primefaces-12.0.0.jar;C:\Apps\ApacheAnt\apache-ant-1.10.13\lib\regex-20.1.0.jar;C:\Apps\ApacheAnt\apache-ant-1.10.13\lib\rhino-1.7.11.jar;C:\Apps\ApacheAnt\apache-ant-1.10.13\lib\serializer-2.7.2.jar;C:\Apps\ApacheAnt\apache-ant-1.10.13\lib\servlet-api-2.3.jar;C:\Apps\ApacheAnt\apache-ant-1.10.13\lib\truffle-api-20.1.0.jar;C:\Apps\ApacheAnt\apache-ant-1.10.13\lib\which-1.0.jar;C:\Apps\ApacheAnt\apache-ant-1.10.13\lib\xalan-2.7.2.jar;C:\Apps\ApacheAnt\apache-ant-1.10.13\lib\xml-apis-1.3.04.jar;C:\Apps\ApacheAnt\apache-ant-1.10.13\lib\xml-resolver-1.2.jar;C:\Apps\ApacheAnt\apache-ant-1.10.13\lib\xz-1.8.jar;C:\Users\andrk\.jdks\azul-1.8.0_362\lib\tools.jar" />

          <property name="sun.java.command" value="org.apache.tools.ant.launch.Launcher report" />

          <property name="dir.target" value="target" />

          <property name="dir.source.ext" value="src" />

          <property name="configs.web-xml.ext" value="web.xml" />

          <property name="java.vm.specification.name" value="Java Virtual Machine Specification" />

          <property name="ant.file.type" value="file" />

          <property name="dir.source.main.ext" value="src/main" />

          <property name="java.vm.specification.version" value="1.8" />

          <property name="sun.os.patch.level" value="" />

          <property name="sun.cpu.endian" value="little" />

          <property name="dir.source.test.ext" value="src/test/java" />

          <property name="java.io.tmpdir" value="C:\Users\andrk\AppData\Local\Temp\" />

          <property name="configs.faces-config" value="WebLabWork3/src/main/webapp/faces-config.xml" />

          <property name="java.vendor.url.bug" value="http://www.azul.com/support/" />

          <property name="dir.project" value="WebLabWork3" />

          <property name="ant.file.SEMaTLabWork3" value="C:\Programming\Projects\Java\ITMO\SEMaTSpring2023\SEMaTLabWork3\build.xml" />

          <property name="dir.target.tests" value="target/test" />

          <property name="dir.target.history" value="target/history" />

          <property name="diff.observable.classes" value="model.AreaCheckerTest,model.Request,view.beans.FormBean" />

          <property name="java.awt.graphicsenv" value="sun.awt.Win32GraphicsEnvironment" />

          <property name="os.arch" value="amd64" />

          <property name="dir.source.testdir" value="WebLabWork3/src/test" />

          <property name="scp.host" value="helios.se.ifmo.ru" />

          <property name="java.ext.dirs" value="C:\Users\andrk\.jdks\azul-1.8.0_362\jre\lib\ext;C:\Windows\Sun\Java\lib\ext" />

          <property name="dir.source.test" value="WebLabWork3/src/test/java" />

          <property name="user.dir" value="C:\Programming\Projects\Java\ITMO\SEMaTSpring2023\SEMaTLabWork3" />

          <property name="line.separator" value="&#xd;&#xa;" />

          <property name="java.security.manager" value="allow" />

          <property name="java.vm.name" value="OpenJDK 64-Bit Server VM" />

          <property name="jdk.vendor.version" value="Zulu 8.68.0.21-CA-win64" />

          <property name="basedir" value="C:\Programming\Projects\Java\ITMO\SEMaTSpring2023\SEMaTLabWork3" />

          <property name="dir.target.native2ascii" value="target/native2ascii" />

          <property name="ant.java.version" value="1.8" />

          <property name="dir.target.compile" value="target/compile" />

          <property name="ant.core.lib" value="C:\Apps\ApacheAnt\apache-ant-1.10.13\lib\ant.jar" />

          <property name="file.encoding" value="Cp1252" />

          <property name="sun.stderr.encoding" value="cp65001" />

          <property name="music.success.filename" value="music-success" />

          <property name="dir.source.static.ext" value="src/main/static" />

          <property name="dir.target.report" value="target/report" />

          <property name="ant.file.type.SEMaTLabWork3" value="file" />

          <property name="java.specification.version" value="1.8" />

          <property name="ant.project.invoked-targets" value="report" />

      </properties>

      <testcase classname="model.HistoryManagerTest" name="getUserHistory" time="0.198" />

      <system-out><![CDATA[Hibernate: alter table histories drop constraint FK8w9eva74w7t7xtf2opb33f8bq
Hibernate: drop table if exists histories cascade
Hibernate: drop table if exists users cascade
Hibernate: create table histories (id  bigserial not null, execution_time int8 not null, r float8 not null, response_time int8 not null, result boolean not null, x float8 not null, y float8 not null, user_id int8, primary key (id))
Hibernate: create table users (user_id  bigserial not null, user_session_id varchar(255) not null, primary key (user_id))
Hibernate: alter table users add constraint UK_2qnq1d7wsthc3uhvch99q2cf unique (user_session_id)
Hibernate: alter table histories add constraint FK8w9eva74w7t7xtf2opb33f8bq foreign key (user_id) references users
Hibernate: delete from users
Hibernate: delete from histories
Hibernate: select user0_.user_id as user_id1_1_, user0_.user_session_id as user_ses2_1_ from users user0_ where user0_.user_session_id=?
Hibernate: insert into users (user_session_id) values (?)
Hibernate: insert into histories (execution_time, r, response_time, result, user_id, x, y) values (?, ?, ?, ?, ?, ?, ?)
Hibernate: select user0_.user_id as user_id1_1_, user0_.user_session_id as user_ses2_1_ from users user0_ where user0_.user_session_id=?
Hibernate: select histories0_.user_id as user_id8_0_0_, histories0_.id as id1_0_0_, histories0_.id as id1_0_1_, histories0_.execution_time as executio2_0_1_, histories0_.r as r3_0_1_, histories0_.response_time as response4_0_1_, histories0_.result as result5_0_1_, histories0_.user_id as user_id8_0_1_, histories0_.x as x6_0_1_, histories0_.y as y7_0_1_ from histories histories0_ where histories0_.user_id=? order by histories0_.response_time asc
Hibernate: select user0_.user_id as user_id1_1_, user0_.user_session_id as user_ses2_1_ from users user0_ where user0_.user_session_id=?
Hibernate: select histories0_.user_id as user_id8_0_0_, histories0_.id as id1_0_0_, histories0_.id as id1_0_1_, histories0_.execution_time as executio2_0_1_, histories0_.r as r3_0_1_, histories0_.response_time as response4_0_1_, histories0_.result as result5_0_1_, histories0_.user_id as user_id8_0_1_, histories0_.x as x6_0_1_, histories0_.y as y7_0_1_ from histories histories0_ where histories0_.user_id=? order by histories0_.response_time asc
Hibernate: insert into histories (execution_time, r, response_time, result, user_id, x, y) values (?, ?, ?, ?, ?, ?, ?)
Hibernate: select user0_.user_id as user_id1_1_, user0_.user_session_id as user_ses2_1_ from users user0_ where user0_.user_session_id=?
Hibernate: select histories0_.user_id as user_id8_0_0_, histories0_.id as id1_0_0_, histories0_.id as id1_0_1_, histories0_.execution_time as executio2_0_1_, histories0_.r as r3_0_1_, histories0_.response_time as response4_0_1_, histories0_.result as result5_0_1_, histories0_.user_id as user_id8_0_1_, histories0_.x as x6_0_1_, histories0_.y as y7_0_1_ from histories histories0_ where histories0_.user_id=? order by histories0_.response_time asc
Hibernate: select user0_.user_id as user_id1_1_, user0_.user_session_id as user_ses2_1_ from users user0_ where user0_.user_session_id=?
Hibernate: select histories0_.user_id as user_id8_0_0_, histories0_.id as id1_0_0_, histories0_.id as id1_0_1_, histories0_.execution_time as executio2_0_1_, histories0_.r as r3_0_1_, histories0_.response_time as response4_0_1_, histories0_.result as result5_0_1_, histories0_.user_id as user_id8_0_1_, histories0_.x as x6_0_1_, histories0_.y as y7_0_1_ from histories histories0_ where histories0_.user_id=? order by histories0_.response_time asc
Hibernate: insert into histories (execution_time, r, response_time, result, user_id, x, y) values (?, ?, ?, ?, ?, ?, ?)
Hibernate: select user0_.user_id as user_id1_1_, user0_.user_session_id as user_ses2_1_ from users user0_ where user0_.user_session_id=?
Hibernate: select histories0_.user_id as user_id8_0_0_, histories0_.id as id1_0_0_, histories0_.id as id1_0_1_, histories0_.execution_time as executio2_0_1_, histories0_.r as r3_0_1_, histories0_.response_time as response4_0_1_, histories0_.result as result5_0_1_, histories0_.user_id as user_id8_0_1_, histories0_.x as x6_0_1_, histories0_.y as y7_0_1_ from histories histories0_ where histories0_.user_id=? order by histories0_.response_time asc
Hibernate: select user0_.user_id as user_id1_1_, user0_.user_session_id as user_ses2_1_ from users user0_ where user0_.user_session_id=?
Hibernate: select histories0_.user_id as user_id8_0_0_, histories0_.id as id1_0_0_, histories0_.id as id1_0_1_, histories0_.execution_time as executio2_0_1_, histories0_.r as r3_0_1_, histories0_.response_time as response4_0_1_, histories0_.result as result5_0_1_, histories0_.user_id as user_id8_0_1_, histories0_.x as x6_0_1_, histories0_.y as y7_0_1_ from histories histories0_ where histories0_.user_id=? order by histories0_.response_time asc
]]></system-out>

      <system-err><![CDATA[]]></system-err>

  </testsuite>
</testsuites>
